2024-07-24 19:30:18,593 - INFO - 打开网址: https://myoa.omenow.com/Schedule/MySchedule/
2024-07-24 19:30:21,771 - INFO - 输入用户名和密码
2024-07-24 19:30:21,871 - INFO - 点击登录按钮
2024-07-24 19:30:22,153 - INFO - 检查签出按钮状态
2024-07-24 19:30:32,055 - ERROR - 发生异常: Message: no such window: target window already closed
from unknown error: web view not found
  (Session info: chrome=126.0.6478.183)

2024-07-24 19:30:32,055 - INFO - 关闭浏览器
2024-07-24 19:31:18,355 - INFO - 打开网址: https://myoa.omenow.com/Schedule/MySchedule/
2024-07-24 19:31:20,561 - INFO - 输入用户名和密码
2024-07-24 19:31:20,687 - INFO - 点击登录按钮
2024-07-24 19:31:22,869 - INFO - 检查签出按钮状态
2024-07-24 19:31:22,878 - INFO - 签出按钮当前处于禁用状态，无法点击。
2024-07-24 19:31:22,878 - INFO - 检查签入按钮状态
2024-07-24 19:31:22,886 - INFO - 签入按钮当前处于禁用状态，无法点击。
2024-07-24 19:31:22,886 - INFO - 关闭浏览器
2024-07-24 19:33:44,101 - INFO - 打开网址: https://myoa.omenow.com/Schedule/MySchedule/
2024-07-24 19:33:46,260 - INFO - 输入用户名和密码
2024-07-24 19:33:46,351 - INFO - 点击登录按钮
2024-07-24 19:33:48,437 - INFO - 检查签出按钮状态
2024-07-24 19:33:48,445 - INFO - 签出按钮当前处于禁用状态，无法点击。
2024-07-24 19:33:48,445 - INFO - 检查签入按钮状态
2024-07-24 19:33:48,453 - INFO - 签入按钮当前处于禁用状态，无法点击。
2024-07-24 19:33:48,453 - INFO - 关闭浏览器
2024-07-24 19:35:32,778 - INFO - 打开网址: https://myoa.omenow.com/Schedule/MySchedule/
2024-07-24 19:35:34,423 - INFO - 输入用户名和密码
2024-07-24 19:35:34,518 - INFO - 点击登录按钮
2024-07-24 19:35:36,742 - INFO - 检查签出按钮状态
2024-07-24 19:35:36,754 - INFO - 签出按钮当前处于禁用状态，无法点击。
2024-07-24 19:35:36,754 - INFO - 检查签入按钮状态
2024-07-24 19:35:36,763 - INFO - 签入按钮当前处于禁用状态，无法点击。
2024-07-24 19:35:36,763 - INFO - 关闭浏览器
2024-07-24 19:45:17,845 - INFO - 打开网址: https://myoa.omenow.com/Schedule/MySchedule/
2024-07-24 19:45:19,948 - INFO - 输入用户名和密码
2024-07-24 19:45:20,041 - INFO - 点击登录按钮
2024-07-24 19:45:22,482 - INFO - 检查签出按钮状态
2024-07-24 19:45:22,491 - INFO - 签出按钮当前处于禁用状态，无法点击。
2024-07-24 19:45:42,496 - INFO - 检查签入按钮状态
2024-07-24 19:45:42,514 - INFO - 签入按钮当前处于禁用状态，无法点击。
2024-07-24 19:45:57,871 - INFO - 关闭浏览器
2024-07-24 19:46:56,540 - INFO - 打开网址: https://myoa.omenow.com/Schedule/MySchedule/
2024-07-24 19:46:58,664 - INFO - 输入用户名和密码
2024-07-24 19:46:58,769 - INFO - 点击登录按钮
2024-07-24 19:47:00,938 - INFO - 检查签出按钮状态
2024-07-24 19:47:00,947 - INFO - 签出按钮当前处于禁用状态，无法点击。
2024-07-24 19:47:20,948 - INFO - 检查签入按钮状态
2024-07-24 19:47:20,987 - INFO - 签入按钮当前处于禁用状态，无法点击。
2024-07-24 19:47:46,739 - INFO - 关闭浏览器
2024-07-24 19:48:03,819 - INFO - 打开网址: https://myoa.omenow.com/Schedule/MySchedule/
2024-07-24 19:48:06,305 - INFO - 输入用户名和密码
2024-07-24 19:48:06,402 - INFO - 点击登录按钮
2024-07-24 19:48:08,065 - INFO - 检查签出按钮状态
2024-07-24 19:48:08,074 - INFO - 签出按钮当前处于禁用状态，无法点击。
2024-07-24 19:48:28,080 - INFO - 检查签入按钮状态
2024-07-24 19:48:28,099 - INFO - 签入按钮当前处于禁用状态，无法点击。
2024-07-24 19:48:56,268 - INFO - 关闭浏览器
2024-07-25 07:33:26,999 - INFO - 打开网址: https://myoa.omenow.com/Schedule/MySchedule/
2024-07-25 07:33:52,423 - INFO - 输入用户名和密码
2024-07-25 07:33:52,551 - INFO - 点击登录按钮
2024-07-25 07:34:15,622 - INFO - 打开网址: https://myoa.omenow.com/Schedule/MySchedule/
2024-07-25 07:34:20,060 - INFO - 输入用户名和密码
2024-07-25 07:34:20,170 - INFO - 点击登录按钮
2024-07-25 07:34:37,358 - INFO - 检查签出按钮状态
2024-07-25 07:34:37,391 - INFO - 签出按钮可点击，点击签出按钮
2024-07-25 07:34:37,991 - INFO - 签出弹窗关闭按钮已点击。
2024-07-25 07:35:03,001 - INFO - 检查签入按钮状态
2024-07-25 07:35:03,032 - INFO - 检查签出按钮状态以决定是否点击签入按钮
2024-07-25 07:35:03,048 - INFO - 点击签入按钮
2024-07-25 07:35:08,128 - INFO - 签入弹窗关闭按钮已点击。
2024-07-25 07:35:31,175 - INFO - 关闭浏览器
2024-07-25 09:58:23,540 - INFO - 打开网址: https://myoa.omenow.com/Schedule/MySchedule/
2024-07-25 09:58:32,575 - INFO - 输入用户名和密码
2024-07-25 09:58:32,699 - INFO - 点击登录按钮
2024-07-25 09:58:44,489 - INFO - 关闭浏览器
2024-07-25 09:59:10,724 - INFO - 打开网址: https://myoa.omenow.com/Schedule/MySchedule/
2024-07-25 09:59:15,791 - INFO - 输入用户名和密码
2024-07-25 09:59:15,898 - INFO - 点击登录按钮
2024-07-25 09:59:39,357 - INFO - 检查签出按钮状态
2024-07-25 09:59:39,376 - INFO - 签出按钮当前处于禁用状态，无法点击。
2024-07-25 09:59:59,382 - INFO - 检查签入按钮状态
2024-07-25 09:59:59,415 - INFO - 签入按钮当前处于禁用状态，无法点击。
2024-07-25 10:00:14,976 - INFO - 关闭浏览器
2024-07-25 11:38:16,268 - INFO - 打开网址: https://myoa.omenow.com/Schedule/MySchedule/
2024-07-25 11:38:19,783 - INFO - 输入用户名和密码
2024-07-25 11:38:19,863 - INFO - 点击登录按钮
2024-07-25 11:38:41,515 - INFO - 检查签出按钮状态
2024-07-25 11:38:41,566 - INFO - 签出 按钮已点击。
2024-07-25 11:38:46,684 - INFO - 签出 弹窗关闭按钮已点击。
2024-07-25 11:39:11,833 - INFO - 检查签入按钮状态
2024-07-25 11:39:11,849 - INFO - 检查签出按钮状态以决定是否点击签入按钮
2024-07-25 11:39:11,898 - INFO - 签入 按钮已点击。
2024-07-25 11:39:17,003 - INFO - 签入 弹窗关闭按钮已点击。
2024-07-25 11:39:27,034 - INFO - 关闭浏览器
2024-07-26 07:28:11,106 - INFO - 打开网址: https://myoa.omenow.com/Schedule/MySchedule/
2024-07-26 07:28:15,827 - INFO - 输入用户名和密码
2024-07-26 07:28:15,911 - INFO - 点击登录按钮
2024-07-26 07:28:38,299 - INFO - 检查签出按钮状态
2024-07-26 07:28:38,365 - INFO - 签出 按钮已点击。
2024-07-26 07:28:43,486 - INFO - 签出 弹窗关闭按钮已点击。
2024-07-26 07:29:08,542 - INFO - 检查签入按钮状态
2024-07-26 07:29:08,560 - INFO - 检查签出按钮状态以决定是否点击签入按钮
2024-07-26 07:29:09,700 - ERROR - 点击 签入 按钮时出现异常: Message: element click intercepted: Element <button type="button" class="btn btn-danger" id="btnCheckIn" style="width: 80px;">...</button> is not clickable at point (738, 363). Other element would receive the click: <div data-id="90af4b3e-3f05-4e71-890d-0ad5cba1e64e" id="happy-score-box" reply-content="謝謝，數據已保存。" style="background-color: white; border-radius: 10px; margin: 5px 0px; box-sizing: border-box; padding: 10px 20px; min-width: 340px;">...</div>
  (Session info: chrome=126.0.6478.183)

2024-07-26 07:29:19,769 - INFO - 关闭浏览器
2024-07-26 11:38:10,782 - INFO - 打开网址: https://myoa.omenow.com/Schedule/MySchedule/
2024-07-26 11:38:15,659 - INFO - 输入用户名和密码
2024-07-26 11:38:15,768 - INFO - 点击登录按钮
2024-07-26 11:38:38,224 - INFO - 检查签出按钮状态
2024-07-26 11:38:38,275 - INFO - 签出 按钮已点击。
2024-07-26 11:38:43,357 - INFO - 签出 弹窗关闭按钮已点击。
2024-07-26 11:39:08,624 - INFO - 检查签入按钮状态
2024-07-26 11:39:08,639 - INFO - 检查签出按钮状态以决定是否点击签入按钮
2024-07-26 11:39:08,687 - INFO - 签入 按钮已点击。
2024-07-26 11:39:13,739 - INFO - 签入 弹窗关闭按钮已点击。
2024-07-26 11:39:23,846 - INFO - 关闭浏览器
2024-07-27 07:28:05,699 - INFO - 打开网址: https://myoa.omenow.com/Schedule/MySchedule/
2024-07-27 07:28:06,876 - INFO - 输入用户名和密码
2024-07-27 07:28:07,015 - INFO - 点击登录按钮
2024-07-27 07:28:27,165 - INFO - 检查签出按钮状态
2024-07-27 07:28:27,215 - INFO - 签出 按钮已点击。
2024-07-27 07:28:32,270 - INFO - 签出 弹窗关闭按钮已点击。
2024-07-27 07:28:57,441 - INFO - 检查签入按钮状态
2024-07-27 07:28:57,455 - INFO - 检查签出按钮状态以决定是否点击签入按钮
2024-07-27 07:28:57,504 - INFO - 签入 按钮已点击。
2024-07-27 07:29:02,693 - INFO - 签入 弹窗关闭按钮已点击。
2024-07-27 07:29:12,720 - INFO - 关闭浏览器
2024-07-27 11:38:05,355 - INFO - 打开网址: https://myoa.omenow.com/Schedule/MySchedule/
2024-07-27 11:38:07,784 - INFO - 输入用户名和密码
2024-07-27 11:38:07,912 - INFO - 点击登录按钮
2024-07-27 11:38:28,402 - INFO - 检查签出按钮状态
2024-07-27 11:38:28,453 - INFO - 签出 按钮已点击。
2024-07-27 11:38:33,510 - INFO - 签出 弹窗关闭按钮已点击。
2024-07-27 11:38:58,563 - INFO - 检查签入按钮状态
2024-07-27 11:38:58,579 - INFO - 检查签出按钮状态以决定是否点击签入按钮
2024-07-27 11:38:58,628 - INFO - 签入 按钮已点击。
2024-07-27 11:39:03,703 - INFO - 签入 弹窗关闭按钮已点击。
2024-07-27 11:39:13,747 - INFO - 关闭浏览器
2024-07-29 07:28:05,620 - INFO - 打开网址: https://myoa.omenow.com/Schedule/MySchedule/
2024-07-29 07:28:24,333 - INFO - 输入用户名和密码
2024-07-29 07:28:24,463 - INFO - 点击登录按钮
2024-07-29 07:28:44,855 - INFO - 检查签出按钮状态
2024-07-29 07:28:45,499 - INFO - 签出 按钮已点击。
2024-07-29 07:28:50,561 - INFO - 签出 弹窗关闭按钮已点击。
2024-07-29 07:29:15,704 - INFO - 检查签入按钮状态
2024-07-29 07:29:15,719 - INFO - 检查签出按钮状态以决定是否点击签入按钮
2024-07-29 07:29:15,771 - INFO - 签入 按钮已点击。
2024-07-29 07:29:20,841 - INFO - 签入 弹窗关闭按钮已点击。
2024-07-29 07:29:30,846 - INFO - 关闭浏览器
2024-07-29 11:38:05,475 - INFO - 打开网址: https://myoa.omenow.com/Schedule/MySchedule/
2024-07-29 11:38:08,039 - INFO - 输入用户名和密码
2024-07-29 11:38:08,156 - INFO - 点击登录按钮
2024-07-29 11:38:31,504 - INFO - 检查签出按钮状态
2024-07-29 11:38:31,557 - INFO - 签出 按钮已点击。
2024-07-29 11:38:36,615 - INFO - 签出 弹窗关闭按钮已点击。
2024-07-29 11:39:01,678 - INFO - 检查签入按钮状态
2024-07-29 11:39:01,694 - INFO - 检查签出按钮状态以决定是否点击签入按钮
2024-07-29 11:39:01,745 - INFO - 签入 按钮已点击。
2024-07-29 11:39:06,854 - INFO - 签入 弹窗关闭按钮已点击。
2024-07-29 11:39:16,863 - INFO - 关闭浏览器
2024-07-30 07:28:10,831 - INFO - 打开网址: https://myoa.omenow.com/Schedule/MySchedule/
2024-07-30 07:28:14,114 - INFO - 输入用户名和密码
2024-07-30 07:28:14,239 - INFO - 点击登录按钮
2024-07-30 07:28:35,691 - INFO - 检查签出按钮状态
2024-07-30 07:28:35,742 - INFO - 签出 按钮已点击。
2024-07-30 07:28:40,792 - INFO - 签出 弹窗关闭按钮已点击。
2024-07-30 07:29:05,921 - INFO - 检查签入按钮状态
2024-07-30 07:29:05,936 - INFO - 检查签出按钮状态以决定是否点击签入按钮
2024-07-30 07:29:05,986 - INFO - 签入 按钮已点击。
2024-07-30 07:29:11,028 - INFO - 签入 弹窗关闭按钮已点击。
2024-07-30 07:29:21,070 - INFO - 关闭浏览器
2024-07-30 11:38:05,124 - INFO - 打开网址: https://myoa.omenow.com/Schedule/MySchedule/
2024-07-30 11:38:07,394 - INFO - 输入用户名和密码
2024-07-30 11:38:07,487 - INFO - 点击登录按钮
2024-07-30 11:38:29,917 - INFO - 检查签出按钮状态
2024-07-30 11:38:29,971 - INFO - 签出 按钮已点击。
2024-07-30 11:38:35,094 - INFO - 签出 弹窗关闭按钮已点击。
2024-07-30 11:39:00,196 - INFO - 检查签入按钮状态
2024-07-30 11:39:00,211 - INFO - 检查签出按钮状态以决定是否点击签入按钮
2024-07-30 11:39:00,260 - INFO - 签入 按钮已点击。
2024-07-30 11:39:05,374 - INFO - 签入 弹窗关闭按钮已点击。
2024-07-30 11:39:15,417 - INFO - 关闭浏览器
2024-07-31 07:28:11,613 - INFO - 打开网址: https://myoa.omenow.com/Schedule/MySchedule/
2024-07-31 07:28:13,970 - INFO - 输入用户名和密码
2024-07-31 07:28:14,080 - INFO - 点击登录按钮
2024-07-31 07:28:36,303 - INFO - 检查签出按钮状态
2024-07-31 07:28:36,354 - INFO - 签出 按钮已点击。
2024-07-31 07:28:41,416 - INFO - 签出 弹窗关闭按钮已点击。
2024-07-31 07:29:06,497 - INFO - 检查签入按钮状态
2024-07-31 07:29:06,512 - INFO - 检查签出按钮状态以决定是否点击签入按钮
2024-07-31 07:29:06,561 - INFO - 签入 按钮已点击。
2024-07-31 07:29:11,640 - INFO - 签入 弹窗关闭按钮已点击。
2024-07-31 07:29:21,713 - INFO - 关闭浏览器
2024-07-31 11:38:10,090 - INFO - 打开网址: https://myoa.omenow.com/Schedule/MySchedule/
2024-07-31 11:38:11,117 - INFO - 输入用户名和密码
2024-07-31 11:38:11,234 - INFO - 点击登录按钮
2024-07-31 11:38:31,450 - INFO - 检查签出按钮状态
2024-07-31 11:38:31,500 - INFO - 签出 按钮已点击。
2024-07-31 11:38:36,589 - INFO - 签出 弹窗关闭按钮已点击。
2024-07-31 11:39:01,661 - INFO - 检查签入按钮状态
2024-07-31 11:39:01,675 - INFO - 检查签出按钮状态以决定是否点击签入按钮
2024-07-31 11:39:01,735 - INFO - 签入 按钮已点击。
2024-07-31 11:39:06,811 - INFO - 签入 弹窗关闭按钮已点击。
2024-07-31 11:39:16,816 - INFO - 关闭浏览器
2024-08-01 07:28:10,559 - INFO - 打开网址: https://myoa.omenow.com/Schedule/MySchedule/
2024-08-01 07:28:12,263 - INFO - 输入用户名和密码
2024-08-01 07:28:12,381 - INFO - 点击登录按钮
2024-08-01 07:28:32,557 - INFO - 检查签出按钮状态
2024-08-01 07:28:32,611 - INFO - 签出 按钮已点击。
2024-08-01 07:28:37,708 - INFO - 签出 弹窗关闭按钮已点击。
2024-08-01 07:29:02,786 - INFO - 检查签入按钮状态
2024-08-01 07:29:02,803 - INFO - 检查签出按钮状态以决定是否点击签入按钮
2024-08-01 07:29:02,853 - INFO - 签入 按钮已点击。
2024-08-01 07:29:07,965 - INFO - 签入 弹窗关闭按钮已点击。
2024-08-01 07:29:18,026 - INFO - 关闭浏览器
2024-08-01 11:38:10,020 - INFO - 打开网址: https://myoa.omenow.com/Schedule/MySchedule/
2024-08-01 11:38:11,183 - INFO - 输入用户名和密码
2024-08-01 11:38:11,318 - INFO - 点击登录按钮
2024-08-01 11:38:31,617 - INFO - 检查签出按钮状态
2024-08-01 11:38:31,670 - INFO - 签出 按钮已点击。
2024-08-01 11:38:36,719 - INFO - 签出 弹窗关闭按钮已点击。
2024-08-01 11:39:01,782 - INFO - 检查签入按钮状态
2024-08-01 11:39:01,796 - INFO - 检查签出按钮状态以决定是否点击签入按钮
2024-08-01 11:39:01,847 - INFO - 签入 按钮已点击。
2024-08-01 11:39:06,937 - INFO - 签入 弹窗关闭按钮已点击。
2024-08-01 11:39:16,956 - INFO - 关闭浏览器
2024-08-02 07:28:10,124 - INFO - 打开网址: https://myoa.omenow.com/Schedule/MySchedule/
2024-08-02 07:28:11,319 - INFO - 输入用户名和密码
2024-08-02 07:28:11,428 - INFO - 点击登录按钮
2024-08-02 07:28:32,634 - INFO - 检查签出按钮状态
2024-08-02 07:28:32,683 - INFO - 签出 按钮已点击。
2024-08-02 07:28:37,770 - INFO - 签出 弹窗关闭按钮已点击。
2024-08-02 07:29:02,868 - INFO - 检查签入按钮状态
2024-08-02 07:29:02,883 - INFO - 检查签出按钮状态以决定是否点击签入按钮
2024-08-02 07:29:02,931 - INFO - 签入 按钮已点击。
2024-08-02 07:29:07,971 - INFO - 签入 弹窗关闭按钮已点击。
2024-08-02 07:29:17,991 - INFO - 关闭浏览器
2024-08-02 11:38:10,959 - INFO - 打开网址: https://myoa.omenow.com/Schedule/MySchedule/
2024-08-02 11:38:12,623 - INFO - 输入用户名和密码
2024-08-02 11:38:12,731 - INFO - 点击登录按钮
2024-08-02 11:38:32,943 - INFO - 检查签出按钮状态
2024-08-02 11:38:33,025 - INFO - 签出 按钮已点击。
2024-08-02 11:38:38,081 - INFO - 签出 弹窗关闭按钮已点击。
2024-08-02 11:39:03,128 - INFO - 检查签入按钮状态
2024-08-02 11:39:03,144 - INFO - 检查签出按钮状态以决定是否点击签入按钮
2024-08-02 11:39:03,194 - INFO - 签入 按钮已点击。
2024-08-02 11:39:08,240 - INFO - 签入 弹窗关闭按钮已点击。
2024-08-02 11:39:18,274 - INFO - 关闭浏览器
2024-08-03 07:28:14,508 - INFO - 打开网址: https://myoa.omenow.com/Schedule/MySchedule/
2024-08-03 07:28:25,572 - INFO - 输入用户名和密码
2024-08-03 07:28:25,660 - INFO - 点击登录按钮
2024-08-03 07:44:20,609 - INFO - 检查签出按钮状态
2024-08-03 07:44:20,656 - INFO - 签出 按钮已点击。
2024-08-03 07:44:36,115 - ERROR - 处理 签出 弹出窗口时出现异常: Message: 

2024-08-03 07:45:01,134 - INFO - 检查签入按钮状态
2024-08-03 07:45:01,148 - INFO - 检查签出按钮状态以决定是否点击签入按钮
2024-08-03 07:45:02,223 - ERROR - 点击 签入 按钮时出现异常: Message: element click intercepted: Element <button type="button" class="btn btn-danger" id="btnCheckIn" style="width: 80px;">...</button> is not clickable at point (738, 3). Other element would receive the click: <div class="k-overlay" style="display: block; z-index: 10002; opacity: 0.5;"></div>
  (Session info: chrome=127.0.6533.89)

2024-08-03 07:58:44,583 - INFO - 关闭浏览器
2024-08-05 07:28:04,953 - INFO - 打开网址: https://myoa.omenow.com/Schedule/MySchedule/
2024-08-05 07:28:07,367 - INFO - 输入用户名和密码
2024-08-05 07:28:07,455 - INFO - 点击登录按钮
2024-08-05 07:28:27,683 - INFO - 检查签出按钮状态
2024-08-05 07:28:27,737 - INFO - 签出 按钮已点击。
2024-08-05 07:28:32,788 - INFO - 签出 弹窗关闭按钮已点击。
2024-08-05 07:28:57,881 - INFO - 检查签入按钮状态
2024-08-05 07:28:57,897 - INFO - 检查签出按钮状态以决定是否点击签入按钮
2024-08-05 07:28:57,946 - INFO - 签入 按钮已点击。
2024-08-05 07:29:03,040 - INFO - 签入 弹窗关闭按钮已点击。
2024-08-05 07:29:13,051 - INFO - 关闭浏览器
2024-08-05 11:38:03,343 - INFO - 打开网址: https://myoa.omenow.com/Schedule/MySchedule/
2024-08-05 11:38:05,497 - INFO - 输入用户名和密码
2024-08-05 11:38:05,658 - INFO - 点击登录按钮
2024-08-05 11:38:27,638 - INFO - 检查签出按钮状态
2024-08-05 11:38:27,709 - INFO - 签出 按钮已点击。
2024-08-05 11:38:32,791 - INFO - 签出 弹窗关闭按钮已点击。
2024-08-05 11:38:57,838 - INFO - 检查签入按钮状态
2024-08-05 11:38:57,854 - INFO - 检查签出按钮状态以决定是否点击签入按钮
2024-08-05 11:38:57,902 - INFO - 签入 按钮已点击。
2024-08-05 11:39:02,959 - INFO - 签入 弹窗关闭按钮已点击。
2024-08-05 11:39:12,962 - INFO - 关闭浏览器
2024-08-06 07:28:04,106 - INFO - 打开网址: https://myoa.omenow.com/Schedule/MySchedule/
2024-08-06 07:28:05,217 - INFO - 输入用户名和密码
2024-08-06 07:28:05,344 - INFO - 点击登录按钮
2024-08-06 07:28:25,506 - INFO - 检查签出按钮状态
2024-08-06 07:28:25,556 - INFO - 签出 按钮已点击。
2024-08-06 07:28:30,673 - INFO - 签出 弹窗关闭按钮已点击。
2024-08-06 07:28:55,751 - INFO - 检查签入按钮状态
2024-08-06 07:28:55,766 - INFO - 检查签出按钮状态以决定是否点击签入按钮
2024-08-06 07:28:55,815 - INFO - 签入 按钮已点击。
2024-08-06 07:29:00,914 - INFO - 签入 弹窗关闭按钮已点击。
2024-08-06 07:29:10,952 - INFO - 关闭浏览器
2024-08-06 11:38:03,849 - INFO - 打开网址: https://myoa.omenow.com/Schedule/MySchedule/
2024-08-06 11:38:04,959 - INFO - 输入用户名和密码
2024-08-06 11:38:05,079 - INFO - 点击登录按钮
2024-08-06 11:38:25,233 - INFO - 检查签出按钮状态
2024-08-06 11:38:25,285 - INFO - 签出 按钮已点击。
2024-08-06 11:38:30,405 - INFO - 签出 弹窗关闭按钮已点击。
2024-08-06 11:38:55,515 - INFO - 检查签入按钮状态
2024-08-06 11:38:55,530 - INFO - 检查签出按钮状态以决定是否点击签入按钮
2024-08-06 11:38:55,570 - INFO - 签入 按钮已点击。
2024-08-06 11:39:00,683 - INFO - 签入 弹窗关闭按钮已点击。
2024-08-06 11:39:10,684 - INFO - 关闭浏览器
2024-08-07 07:28:04,446 - INFO - 打开网址: https://myoa.omenow.com/Schedule/MySchedule/
2024-08-07 07:28:08,347 - INFO - 输入用户名和密码
2024-08-07 07:28:08,471 - INFO - 点击登录按钮
2024-08-07 07:28:32,375 - INFO - 检查签出按钮状态
2024-08-07 07:28:32,425 - INFO - 签出 按钮已点击。
2024-08-07 07:28:37,533 - INFO - 签出 弹窗关闭按钮已点击。
2024-08-07 07:29:02,598 - INFO - 检查签入按钮状态
2024-08-07 07:29:02,614 - INFO - 检查签出按钮状态以决定是否点击签入按钮
2024-08-07 07:29:02,663 - INFO - 签入 按钮已点击。
2024-08-07 07:29:07,744 - INFO - 签入 弹窗关闭按钮已点击。
2024-08-07 07:29:17,783 - INFO - 关闭浏览器
2024-08-07 11:38:04,352 - INFO - 打开网址: https://myoa.omenow.com/Schedule/MySchedule/
2024-08-07 11:38:05,193 - INFO - 输入用户名和密码
2024-08-07 11:38:05,342 - INFO - 点击登录按钮
2024-08-07 11:38:25,516 - INFO - 检查签出按钮状态
2024-08-07 11:38:25,570 - INFO - 签出 按钮已点击。
2024-08-07 11:38:30,690 - INFO - 签出 弹窗关闭按钮已点击。
2024-08-07 11:38:55,734 - INFO - 检查签入按钮状态
2024-08-07 11:38:55,751 - INFO - 检查签出按钮状态以决定是否点击签入按钮
2024-08-07 11:38:55,803 - INFO - 签入 按钮已点击。
2024-08-07 11:39:00,845 - INFO - 签入 弹窗关闭按钮已点击。
2024-08-07 11:39:10,867 - INFO - 关闭浏览器
2024-08-08 07:28:12,597 - INFO - 打开网址: https://myoa.omenow.com/Schedule/MySchedule/
2024-08-08 07:28:13,641 - INFO - 输入用户名和密码
2024-08-08 07:28:13,740 - INFO - 点击登录按钮
2024-08-08 07:28:33,886 - INFO - 检查签出按钮状态
2024-08-08 07:28:33,936 - INFO - 签出 按钮已点击。
2024-08-08 07:28:38,983 - INFO - 签出 弹窗关闭按钮已点击。
2024-08-08 07:29:04,104 - INFO - 检查签入按钮状态
2024-08-08 07:29:04,118 - INFO - 检查签出按钮状态以决定是否点击签入按钮
2024-08-08 07:29:04,165 - INFO - 签入 按钮已点击。
2024-08-08 07:29:09,244 - INFO - 签入 弹窗关闭按钮已点击。
2024-08-08 07:29:19,253 - INFO - 关闭浏览器
2024-08-08 11:38:13,611 - INFO - 打开网址: https://myoa.omenow.com/Schedule/MySchedule/
2024-08-08 11:38:14,160 - INFO - 输入用户名和密码
2024-08-08 11:38:14,300 - INFO - 点击登录按钮
2024-08-08 11:38:34,437 - INFO - 检查签出按钮状态
2024-08-08 11:38:34,486 - INFO - 签出 按钮已点击。
2024-08-08 11:38:39,540 - INFO - 签出 弹窗关闭按钮已点击。
2024-08-08 11:39:04,668 - INFO - 检查签入按钮状态
2024-08-08 11:39:04,685 - INFO - 检查签出按钮状态以决定是否点击签入按钮
2024-08-08 11:39:04,735 - INFO - 签入 按钮已点击。
2024-08-08 11:39:09,825 - INFO - 签入 弹窗关闭按钮已点击。
2024-08-08 11:39:19,860 - INFO - 关闭浏览器
2024-08-09 07:28:08,651 - INFO - 打开网址: https://myoa.omenow.com/Schedule/MySchedule/
2024-08-09 07:28:09,737 - INFO - 输入用户名和密码
2024-08-09 07:28:09,847 - INFO - 点击登录按钮
2024-08-09 07:28:29,996 - INFO - 检查签出按钮状态
2024-08-09 07:28:30,046 - INFO - 签出 按钮已点击。
2024-08-09 07:28:35,108 - INFO - 签出 弹窗关闭按钮已点击。
2024-08-09 07:29:00,112 - INFO - 检查签入按钮状态
2024-08-09 07:29:00,127 - INFO - 检查签出按钮状态以决定是否点击签入按钮
2024-08-09 07:29:00,167 - INFO - 签入 按钮已点击。
2024-08-09 07:29:05,246 - INFO - 签入 弹窗关闭按钮已点击。
2024-08-09 07:29:15,253 - INFO - 关闭浏览器
2024-08-09 11:38:08,058 - INFO - 打开网址: https://myoa.omenow.com/Schedule/MySchedule/
2024-08-09 11:38:09,177 - INFO - 输入用户名和密码
2024-08-09 11:38:09,297 - INFO - 点击登录按钮
2024-08-09 11:38:29,552 - INFO - 检查签出按钮状态
2024-08-09 11:38:29,604 - INFO - 签出 按钮已点击。
2024-08-09 11:38:34,684 - INFO - 签出 弹窗关闭按钮已点击。
2024-08-09 11:38:59,789 - INFO - 检查签入按钮状态
2024-08-09 11:38:59,804 - INFO - 检查签出按钮状态以决定是否点击签入按钮
2024-08-09 11:38:59,851 - INFO - 签入 按钮已点击。
2024-08-09 11:39:04,950 - INFO - 签入 弹窗关闭按钮已点击。
2024-08-09 11:39:14,981 - INFO - 关闭浏览器
2024-08-12 07:28:10,813 - INFO - 打开网址: https://myoa.omenow.com/Schedule/MySchedule/
2024-08-12 07:28:11,867 - INFO - 输入用户名和密码
2024-08-12 07:28:11,975 - INFO - 点击登录按钮
2024-08-12 07:28:32,201 - INFO - 检查签出按钮状态
2024-08-12 07:28:32,251 - INFO - 签出 按钮已点击。
2024-08-12 07:28:37,294 - INFO - 签出 弹窗关闭按钮已点击。
2024-08-12 07:29:02,329 - INFO - 检查签入按钮状态
2024-08-12 07:29:02,345 - INFO - 检查签出按钮状态以决定是否点击签入按钮
2024-08-12 07:29:02,392 - INFO - 签入 按钮已点击。
2024-08-12 07:29:07,479 - INFO - 签入 弹窗关闭按钮已点击。
2024-08-12 07:29:17,484 - INFO - 关闭浏览器
2024-08-12 11:38:07,989 - INFO - 打开网址: https://myoa.omenow.com/Schedule/MySchedule/
2024-08-12 11:38:21,106 - INFO - 输入用户名和密码
2024-08-12 11:38:21,190 - INFO - 点击登录按钮
2024-08-12 11:38:44,439 - INFO - 检查签出按钮状态
2024-08-12 11:38:44,489 - INFO - 签出 按钮已点击。
2024-08-12 11:38:49,549 - INFO - 签出 弹窗关闭按钮已点击。
2024-08-12 11:39:14,621 - INFO - 检查签入按钮状态
2024-08-12 11:39:14,636 - INFO - 检查签出按钮状态以决定是否点击签入按钮
2024-08-12 11:39:14,686 - INFO - 签入 按钮已点击。
2024-08-12 11:39:19,763 - INFO - 签入 弹窗关闭按钮已点击。
2024-08-12 11:39:29,838 - INFO - 关闭浏览器
2024-08-13 15:37:40,331 - INFO - 打开网址: https://myoa.omenow.com/Schedule/MySchedule/
2024-08-13 15:37:42,426 - INFO - 输入用户名和密码
2024-08-13 15:37:42,516 - INFO - 点击登录按钮
2024-08-13 15:38:03,083 - INFO - 检查签出按钮状态
2024-08-13 15:38:03,085 - ERROR - 发生异常: Message: no such window: target window already closed
from unknown error: web view not found
  (Session info: chrome=127.0.6533.100)

2024-08-13 15:38:03,085 - INFO - 关闭浏览器
2024-08-14 07:28:11,025 - INFO - 打开网址: https://myoa.omenow.com/Schedule/MySchedule/
2024-08-14 07:28:13,078 - INFO - 输入用户名和密码
2024-08-14 07:28:13,220 - INFO - 点击登录按钮
2024-08-14 07:28:35,469 - INFO - 检查签出按钮状态
2024-08-14 07:28:35,523 - INFO - 签出 按钮已点击。
2024-08-14 07:28:40,595 - INFO - 签出 弹窗关闭按钮已点击。
2024-08-14 07:29:05,624 - INFO - 检查签入按钮状态
2024-08-14 07:29:05,639 - INFO - 检查签出按钮状态以决定是否点击签入按钮
2024-08-14 07:29:05,690 - INFO - 签入 按钮已点击。
2024-08-14 07:29:10,734 - INFO - 签入 弹窗关闭按钮已点击。
2024-08-14 07:29:20,806 - INFO - 关闭浏览器
2024-08-14 11:38:14,408 - INFO - 打开网址: https://myoa.omenow.com/Schedule/MySchedule/
2024-08-14 11:38:19,760 - INFO - 输入用户名和密码
2024-08-14 11:38:19,880 - INFO - 点击登录按钮
2024-08-14 11:38:43,787 - INFO - 检查签出按钮状态
2024-08-14 11:38:43,840 - INFO - 签出 按钮已点击。
2024-08-14 11:38:48,922 - INFO - 签出 弹窗关闭按钮已点击。
2024-08-14 11:39:13,954 - INFO - 检查签入按钮状态
2024-08-14 11:39:13,969 - INFO - 检查签出按钮状态以决定是否点击签入按钮
2024-08-14 11:39:14,020 - INFO - 签入 按钮已点击。
2024-08-14 11:39:19,138 - INFO - 签入 弹窗关闭按钮已点击。
2024-08-14 11:39:29,202 - INFO - 关闭浏览器
2024-08-15 07:28:12,704 - INFO - 打开网址: https://myoa.omenow.com/Schedule/MySchedule/
2024-08-15 07:28:14,487 - INFO - 输入用户名和密码
2024-08-15 07:28:14,565 - INFO - 点击登录按钮
2024-08-15 07:28:34,712 - INFO - 检查签出按钮状态
2024-08-15 07:28:34,783 - INFO - 签出 按钮已点击。
2024-08-15 07:28:39,891 - INFO - 签出 弹窗关闭按钮已点击。
2024-08-15 07:29:05,030 - INFO - 检查签入按钮状态
2024-08-15 07:29:05,045 - INFO - 检查签出按钮状态以决定是否点击签入按钮
2024-08-15 07:29:05,092 - INFO - 签入 按钮已点击。
2024-08-15 07:29:10,147 - INFO - 签入 弹窗关闭按钮已点击。
2024-08-15 07:29:20,148 - INFO - 关闭浏览器
2024-08-15 11:38:10,640 - INFO - 打开网址: https://myoa.omenow.com/Schedule/MySchedule/
2024-08-15 11:38:11,694 - INFO - 输入用户名和密码
2024-08-15 11:38:11,807 - INFO - 点击登录按钮
2024-08-15 11:38:31,945 - INFO - 检查签出按钮状态
2024-08-15 11:38:31,998 - INFO - 签出 按钮已点击。
2024-08-15 11:38:37,107 - INFO - 签出 弹窗关闭按钮已点击。
2024-08-15 11:39:02,117 - INFO - 检查签入按钮状态
2024-08-15 11:39:02,132 - INFO - 检查签出按钮状态以决定是否点击签入按钮
2024-08-15 11:39:02,180 - INFO - 签入 按钮已点击。
2024-08-15 11:39:07,247 - INFO - 签入 弹窗关闭按钮已点击。
2024-08-15 11:39:17,280 - INFO - 关闭浏览器
2024-08-16 07:28:09,563 - INFO - 打开网址: https://myoa.omenow.com/Schedule/MySchedule/
2024-08-16 07:28:15,541 - INFO - 输入用户名和密码
2024-08-16 07:28:15,663 - INFO - 点击登录按钮
2024-08-16 07:28:38,304 - INFO - 检查签出按钮状态
2024-08-16 07:28:38,354 - INFO - 签出 按钮已点击。
2024-08-16 07:28:43,412 - INFO - 签出 弹窗关闭按钮已点击。
2024-08-16 07:29:08,492 - INFO - 检查签入按钮状态
2024-08-16 07:29:08,506 - INFO - 检查签出按钮状态以决定是否点击签入按钮
2024-08-16 07:29:08,553 - INFO - 签入 按钮已点击。
2024-08-16 07:29:13,647 - INFO - 签入 弹窗关闭按钮已点击。
2024-08-16 07:29:23,688 - INFO - 关闭浏览器
2024-08-16 11:38:12,690 - INFO - 打开网址: https://myoa.omenow.com/Schedule/MySchedule/
2024-08-16 11:38:18,785 - INFO - 输入用户名和密码
2024-08-16 11:38:18,913 - INFO - 点击登录按钮
2024-08-16 11:38:41,737 - INFO - 检查签出按钮状态
2024-08-16 11:38:41,786 - INFO - 签出 按钮已点击。
2024-08-16 11:38:46,907 - INFO - 签出 弹窗关闭按钮已点击。
2024-08-16 11:39:12,009 - INFO - 检查签入按钮状态
2024-08-16 11:39:12,025 - INFO - 检查签出按钮状态以决定是否点击签入按钮
2024-08-16 11:39:12,074 - INFO - 签入 按钮已点击。
2024-08-16 11:39:17,127 - INFO - 签入 弹窗关闭按钮已点击。
2024-08-16 11:39:27,192 - INFO - 关闭浏览器
2024-08-19 07:28:06,497 - INFO - 打开网址: https://myoa.omenow.com/Schedule/MySchedule/
2024-08-19 07:28:10,719 - INFO - 输入用户名和密码
2024-08-19 07:28:10,816 - INFO - 点击登录按钮
2024-08-19 07:28:34,894 - INFO - 检查签出按钮状态
2024-08-19 07:28:34,966 - INFO - 签出 按钮已点击。
2024-08-19 07:28:40,024 - INFO - 签出 弹窗关闭按钮已点击。
2024-08-19 07:29:05,131 - INFO - 检查签入按钮状态
2024-08-19 07:29:05,145 - INFO - 检查签出按钮状态以决定是否点击签入按钮
2024-08-19 07:29:05,195 - INFO - 签入 按钮已点击。
2024-08-19 07:29:10,291 - INFO - 签入 弹窗关闭按钮已点击。
2024-08-19 07:29:20,347 - INFO - 关闭浏览器
2024-08-19 11:38:07,686 - INFO - 打开网址: https://myoa.omenow.com/Schedule/MySchedule/
2024-08-19 11:38:12,808 - INFO - 输入用户名和密码
2024-08-19 11:38:12,901 - INFO - 点击登录按钮
2024-08-19 11:38:35,499 - INFO - 检查签出按钮状态
2024-08-19 11:38:35,550 - INFO - 签出 按钮已点击。
2024-08-19 11:38:40,641 - INFO - 签出 弹窗关闭按钮已点击。
2024-08-19 11:39:05,742 - INFO - 检查签入按钮状态
2024-08-19 11:39:05,759 - INFO - 检查签出按钮状态以决定是否点击签入按钮
2024-08-19 11:39:05,808 - INFO - 签入 按钮已点击。
2024-08-19 11:39:10,904 - INFO - 签入 弹窗关闭按钮已点击。
2024-08-19 11:39:20,979 - INFO - 关闭浏览器
2024-08-20 07:28:09,029 - INFO - 打开网址: https://myoa.omenow.com/Schedule/MySchedule/
2024-08-20 07:28:15,831 - INFO - 输入用户名和密码
2024-08-20 07:28:15,929 - INFO - 点击登录按钮
2024-08-20 07:28:40,566 - INFO - 检查签出按钮状态
2024-08-20 07:28:40,633 - INFO - 签出 按钮已点击。
2024-08-20 07:28:45,679 - INFO - 签出 弹窗关闭按钮已点击。
2024-08-20 07:29:10,741 - INFO - 检查签入按钮状态
2024-08-20 07:29:10,786 - INFO - 检查签出按钮状态以决定是否点击签入按钮
2024-08-20 07:29:10,829 - INFO - 签入 按钮已点击。
2024-08-20 07:29:15,890 - INFO - 签入 弹窗关闭按钮已点击。
2024-08-20 07:29:25,952 - INFO - 关闭浏览器
2024-08-20 11:38:08,800 - INFO - 打开网址: https://myoa.omenow.com/Schedule/MySchedule/
2024-08-20 11:38:13,761 - INFO - 输入用户名和密码
2024-08-20 11:38:13,863 - INFO - 点击登录按钮
2024-08-20 11:38:36,534 - INFO - 检查签出按钮状态
2024-08-20 11:38:36,587 - INFO - 签出 按钮已点击。
2024-08-20 11:38:41,710 - INFO - 签出 弹窗关闭按钮已点击。
2024-08-20 11:39:06,776 - INFO - 检查签入按钮状态
2024-08-20 11:39:06,791 - INFO - 检查签出按钮状态以决定是否点击签入按钮
2024-08-20 11:39:06,841 - INFO - 签入 按钮已点击。
2024-08-20 11:39:11,916 - INFO - 签入 弹窗关闭按钮已点击。
2024-08-20 11:39:21,978 - INFO - 关闭浏览器
2024-08-21 07:28:07,220 - INFO - 打开网址: https://myoa.omenow.com/Schedule/MySchedule/
2024-08-21 07:28:09,576 - INFO - 输入用户名和密码
2024-08-21 07:28:09,683 - INFO - 点击登录按钮
2024-08-21 07:28:29,836 - INFO - 检查签出按钮状态
2024-08-21 07:28:29,886 - INFO - 签出 按钮已点击。
2024-08-21 07:28:34,981 - INFO - 签出 弹窗关闭按钮已点击。
2024-08-21 07:29:00,061 - INFO - 检查签入按钮状态
2024-08-21 07:29:00,076 - INFO - 检查签出按钮状态以决定是否点击签入按钮
2024-08-21 07:29:00,122 - INFO - 签入 按钮已点击。
2024-08-21 07:29:05,172 - INFO - 签入 弹窗关闭按钮已点击。
2024-08-21 07:29:15,206 - INFO - 关闭浏览器
2024-08-21 11:38:05,474 - INFO - 打开网址: https://myoa.omenow.com/Schedule/MySchedule/
2024-08-21 11:38:06,781 - INFO - 输入用户名和密码
2024-08-21 11:38:06,885 - INFO - 点击登录按钮
2024-08-21 11:38:27,060 - INFO - 检查签出按钮状态
2024-08-21 11:38:27,112 - INFO - 签出 按钮已点击。
2024-08-21 11:38:32,172 - INFO - 签出 弹窗关闭按钮已点击。
2024-08-21 11:38:57,224 - INFO - 检查签入按钮状态
2024-08-21 11:38:57,239 - INFO - 检查签出按钮状态以决定是否点击签入按钮
2024-08-21 11:38:57,286 - INFO - 签入 按钮已点击。
2024-08-21 11:39:02,329 - INFO - 签入 弹窗关闭按钮已点击。
2024-08-21 11:39:12,361 - INFO - 关闭浏览器
2024-08-22 07:28:07,009 - INFO - 打开网址: https://myoa.omenow.com/Schedule/MySchedule/
2024-08-22 07:28:09,028 - INFO - 输入用户名和密码
2024-08-22 07:28:09,135 - INFO - 点击登录按钮
2024-08-22 07:28:30,946 - INFO - 检查签出按钮状态
2024-08-22 07:28:30,997 - INFO - 签出 按钮已点击。
2024-08-22 07:28:36,086 - INFO - 签出 弹窗关闭按钮已点击。
2024-08-22 07:29:01,167 - INFO - 检查签入按钮状态
2024-08-22 07:29:01,182 - INFO - 检查签出按钮状态以决定是否点击签入按钮
2024-08-22 07:29:01,229 - INFO - 签入 按钮已点击。
2024-08-22 07:29:06,343 - INFO - 签入 弹窗关闭按钮已点击。
2024-08-22 07:29:16,345 - INFO - 关闭浏览器
2024-08-22 11:38:07,674 - INFO - 打开网址: https://myoa.omenow.com/Schedule/MySchedule/
2024-08-22 11:38:10,045 - INFO - 输入用户名和密码
2024-08-22 11:38:10,124 - INFO - 点击登录按钮
2024-08-22 11:38:32,583 - INFO - 检查签出按钮状态
2024-08-22 11:38:32,633 - INFO - 签出 按钮已点击。
2024-08-22 11:38:37,754 - INFO - 签出 弹窗关闭按钮已点击。
2024-08-22 11:39:02,842 - INFO - 检查签入按钮状态
2024-08-22 11:39:02,857 - INFO - 检查签出按钮状态以决定是否点击签入按钮
2024-08-22 11:39:02,905 - INFO - 签入 按钮已点击。
2024-08-22 11:39:08,012 - INFO - 签入 弹窗关闭按钮已点击。
2024-08-22 11:39:18,026 - INFO - 关闭浏览器
2024-08-23 07:28:09,698 - INFO - 打开网址: https://myoa.omenow.com/Schedule/MySchedule/
2024-08-23 07:28:14,816 - INFO - 输入用户名和密码
2024-08-23 07:28:14,928 - INFO - 点击登录按钮
2024-08-23 07:28:41,902 - INFO - 检查签出按钮状态
2024-08-23 07:28:41,952 - INFO - 签出 按钮已点击。
2024-08-23 07:28:47,014 - INFO - 签出 弹窗关闭按钮已点击。
2024-08-23 07:29:12,107 - INFO - 检查签入按钮状态
2024-08-23 07:29:12,130 - INFO - 检查签出按钮状态以决定是否点击签入按钮
2024-08-23 07:29:12,179 - INFO - 签入 按钮已点击。
2024-08-23 07:29:17,224 - INFO - 签入 弹窗关闭按钮已点击。
2024-08-23 07:29:27,225 - INFO - 关闭浏览器
